<?xml version="1.0" encoding="UTF-8"?>
<testsuite xmlns:xsi="http://www.w3.org/2001/XMLSchema-instance" xsi:noNamespaceSchemaLocation="https://maven.apache.org/surefire/maven-surefire-plugin/xsd/surefire-test-report-3.0.xsd" version="3.0" name="com.example.lms.LmsApplicationTests" time="69.015" tests="1" errors="0" skipped="0" failures="0">
  <properties>
[...]
</properties>
  <testcase name="contextLoads" classname="com.example.lms.LmsApplicationTests" time="1.032">
    <system-out><![CDATA[20:33:34.345 [main] INFO org.springframework.test.context.support.AnnotationConfigContextLoaderUtils -- Could not detect default configuration classes for test class [com.example.lms.LmsApplicationTests]: LmsApplicationTests does not declare any static, non-private, non-final, nested classes annotated with @Configuration.
20:33:34.497 [main] INFO org.springframework.boot.test.context.SpringBootTestContextBootstrapper -- Found @SpringBootConfiguration com.example.lms.LmsApplication for test class com.example.lms.LmsApplicationTests

  .   ____          _            __ _ _
 /\\ / ___'_ __ _ _(_)_ __  __ _ \ \ \ \
( ( )\___ | '_ | '_| | '_ \/ _` | \ \ \ \
 \\/  ___)| |_)| | | | | || (_| |  ) ) ) )
  '  |____| .__|_| |_|_| |_\__, | / / / /
 =========|_|==============|___/=/_/_/_/

 :: Spring Boot ::                (v3.3.2)

2024-07-26T20:33:34.958Z  INFO 38367 --- [           main] com.example.lms.LmsApplicationTests      : Starting LmsApplicationTests using Java 21.0.4 with PID 38367 (started by saidev in /home/saidev/IdeaProjects/Online-Learning-Management)
2024-07-26T20:33:34.960Z  INFO 38367 --- [           main] com.example.lms.LmsApplicationTests      : No active profile set, falling back to 1 default profile: "default"
2024-07-26T20:33:35.847Z  INFO 38367 --- [           main] .s.d.r.c.RepositoryConfigurationDelegate : Bootstrapping Spring Data JPA repositories in DEFAULT mode.
2024-07-26T20:33:35.925Z  INFO 38367 --- [           main] .s.d.r.c.RepositoryConfigurationDelegate : Finished Spring Data repository scanning in 71 ms. Found 12 JPA repository interfaces.
2024-07-26T20:33:36.479Z  INFO 38367 --- [           main] o.hibernate.jpa.internal.util.LogHelper  : HHH000204: Processing PersistenceUnitInfo [name: default]
2024-07-26T20:33:36.528Z  INFO 38367 --- [           main] org.hibernate.Version                    : HHH000412: Hibernate ORM core version 6.5.2.Final
2024-07-26T20:33:36.572Z  INFO 38367 --- [           main] o.h.c.internal.RegionFactoryInitiator    : HHH000026: Second-level cache disabled
2024-07-26T20:33:36.937Z  INFO 38367 --- [           main] o.s.o.j.p.SpringPersistenceUnitInfo      : No LoadTimeWeaver setup: ignoring JPA class transformer
2024-07-26T20:33:36.974Z  INFO 38367 --- [           main] com.zaxxer.hikari.HikariDataSource       : HikariPool-1 - Starting...
2024-07-26T20:33:37.387Z  INFO 38367 --- [           main] com.zaxxer.hikari.pool.HikariPool        : HikariPool-1 - Added connection com.mysql.cj.jdbc.ConnectionImpl@7e31d53b
2024-07-26T20:33:37.389Z  INFO 38367 --- [           main] com.zaxxer.hikari.HikariDataSource       : HikariPool-1 - Start completed.
2024-07-26T20:33:37.453Z  WARN 38367 --- [           main] org.hibernate.orm.deprecation            : HHH90000025: MySQLDialect does not need to be specified explicitly using 'hibernate.dialect' (remove the property setting and it will be selected by default)
2024-07-26T20:33:38.701Z  INFO 38367 --- [           main] o.h.e.t.j.p.i.JtaPlatformInitiator       : HHH000489: No JTA platform available (set 'hibernate.transaction.jta.platform' to enable JTA platform integration)
Hibernate: create table assignment (id bigint not null auto_increment, description varchar(255), due_date varchar(255), title varchar(255), course_id bigint, student_id bigint, primary key (id)) engine=InnoDB
Hibernate: create table comment (id bigint not null auto_increment, content varchar(255), date_posted varchar(255), author_id bigint, post_id bigint, primary key (id)) engine=InnoDB
Hibernate: create table course (id bigint not null auto_increment, description varchar(255), schedule varchar(255), syllabus varchar(255), title varchar(255), instructor_id bigint, primary key (id)) engine=InnoDB
Hibernate: create table course_material (id bigint not null auto_increment, title varchar(255), type varchar(255), url varchar(255), course_id bigint, primary key (id)) engine=InnoDB
Hibernate: create table discussion_forum (id bigint not null auto_increment, title varchar(255), course_id bigint, primary key (id)) engine=InnoDB
Hibernate: create table enrollment (id bigint not null auto_increment, date_enrolled varchar(255), course_id bigint, student_id bigint, primary key (id)) engine=InnoDB
Hibernate: create table grade (id bigint not null auto_increment, feedback varchar(255), score float(53), assignment_id bigint, student_id bigint, primary key (id)) engine=InnoDB
Hibernate: create table post (id bigint not null auto_increment, content varchar(255), date_posted varchar(255), author_id bigint, forum_id bigint, primary key (id)) engine=InnoDB
Hibernate: create table user (dtype varchar(31) not null, id bigint not null auto_increment, email varchar(255), password varchar(255), role varchar(255), username varchar(255), admin_id varchar(255), instructor_id varchar(255), student_id varchar(255), primary key (id)) engine=InnoDB
Hibernate: alter table assignment add constraint FKrop26uwnbkstbtfha3ormxp85 foreign key (course_id) references course (id)
Hibernate: alter table assignment add constraint FKhvd8pvt2k33osrvbq7hiy4xr foreign key (student_id) references user (id)
Hibernate: alter table comment add constraint FKh1gtv412u19wcbx22177xbkjp foreign key (author_id) references user (id)
Hibernate: alter table comment add constraint FKs1slvnkuemjsq2kj4h3vhx7i1 foreign key (post_id) references post (id)
Hibernate: alter table course add constraint FKc0xls9e7uqc9o08ae0t2ywr6n foreign key (instructor_id) references user (id)
Hibernate: alter table course_material add constraint FK6qgylrot7cxgungunwyrslpeo foreign key (course_id) references course (id)
Hibernate: alter table discussion_forum add constraint FKah7mri8skht9kvy6k0cjpfmpr foreign key (course_id) references course (id)
Hibernate: alter table enrollment add constraint FKbhhcqkw1px6yljqg92m0sh2gt foreign key (course_id) references course (id)
Hibernate: alter table enrollment add constraint FK65os88xfjxr2tos3tksqeleg6 foreign key (student_id) references user (id)
Hibernate: alter table grade add constraint FKj0v2ipq17spo0ivmd2uxk988n foreign key (assignment_id) references assignment (id)
Hibernate: alter table grade add constraint FKaug9s094q1mibkxcyc95k2pnj foreign key (student_id) references user (id)
Hibernate: alter table post add constraint FK12njtf8e0jmyb45lqfpt6ad89 foreign key (author_id) references user (id)
Hibernate: alter table post add constraint FKjvyy9gcx7h85rqovcw9eeyha2 foreign key (forum_id) references discussion_forum (id)
2024-07-26T20:34:40.632Z  INFO 38367 --- [           main] j.LocalContainerEntityManagerFactoryBean : Initialized JPA EntityManagerFactory for persistence unit 'default'
2024-07-26T20:34:41.093Z  WARN 38367 --- [           main] JpaBaseConfiguration$JpaWebConfiguration : spring.jpa.open-in-view is enabled by default. Therefore, database queries may be performed during view rendering. Explicitly configure spring.jpa.open-in-view to disable this warning
2024-07-26T20:34:41.138Z  INFO 38367 --- [           main] r$InitializeUserDetailsManagerConfigurer : Global AuthenticationManager configured with UserDetailsService bean with name customUserDetailsService
2024-07-26T20:34:42.082Z  INFO 38367 --- [           main] com.example.lms.LmsApplicationTests      : Started LmsApplicationTests in 67.424 seconds (process running for 68.609)
]]></system-out>
    <system-err><![CDATA[WARNING: A Java agent has been loaded dynamically (/home/saidev/.m2/repository/net/bytebuddy/byte-buddy-agent/1.14.18/byte-buddy-agent-1.14.18.jar)
WARNING: If a serviceability tool is in use, please run with -XX:+EnableDynamicAgentLoading to hide this warning
WARNING: If a serviceability tool is not in use, please run with -Djdk.instrument.traceUsage for more information
WARNING: Dynamic loading of agents will be disallowed by default in a future release
]]></system-err>
  </testcase>
</testsuite>